0.1 1.31246e-19 -0.0126091 -7.93466e-23
0.2 -3.289e-19 -0.0252313 2.64018e-22
0.3 -3.09156e-19 -0.0378666 1.29891e-22
0.4 1.12798e-19 -0.0505151 7.89115e-23
0.5 5.97403e-19 -0.0631768 -3.68307e-22
0.6 1.60972e-19 -0.0758518 -7.05812e-23
0.7 -7.33582e-19 -0.0885402 6.61856e-22
0.8 -1.33643e-18 -0.101242 8.8696e-22
0.9 4.43981e-18 -0.113957 -2.58181e-21
1 -1.66799e-18 -0.126685 5.42755e-22
0.002 0.00792992 -0.126685 -3.17214e-06
0.004 0.021676 -0.126715 -8.52554e-06
0.006 0.017529 -0.126842 -6.9005e-06
0.008 0.00307969 -0.127072 -1.27179e-06
0.01 0.00876465 -0.1273 -3.47354e-06
0.012 0.0203835 -0.127432 -8.00849e-06
0.014 0.0105499 -0.127446 -4.15904e-06
0.016 -0.000561632 -0.127326 1.61043e-07
0.018 0.0100445 -0.127098 -3.95317e-06
0.02 0.017229 -0.126891 -6.76368e-06
0.022 0.00342129 -0.126809 -1.36415e-06
0.024 -0.00240817 -0.126854 8.98099e-07
0.026 0.0110176 -0.127016 -4.31729e-06
0.028 0.0123041 -0.127259 -4.82505e-06
0.03 -0.00304104 -0.127462 1.16786e-06
0.032 -0.00263576 -0.127518 1.00789e-06
0.034 0.0109824 -0.12743 -4.29117e-06
0.036 0.00623029 -0.127244 -2.43851e-06
0.038 -0.00727906 -0.127019 2.82614e-06
0.04 -0.000265928 -0.126865 9.89649e-08
0.042 0.0110647 -0.126867 -4.32156e-06
0.044 0.000896252 -0.127005 -3.4803e-07
0.046 -0.00892245 -0.127247 3.46904e-06
0.048 0.00269889 -0.127527 -1.04548e-06
0.05 0.00932903 -0.127694 -3.64137e-06
0.052 -0.00424309 -0.127667 1.66206e-06
0.054 -0.00810128 -0.127504 3.15098e-06
0.056 0.00630063 -0.127261 -2.44713e-06
0.058 0.0070474 -0.127008 -2.75154e-06
0.06 -0.00752076 -0.126885 2.9377e-06
0.062 -0.00511097 -0.126964 1.98825e-06
0.064 0.00893212 -0.12717 -3.47601e-06
0.066 0.00348654 -0.127417 -1.35979e-06
0.068 -0.00937398 -0.127637 3.65557e-06
0.07 -0.00113539 -0.127706 4.44369e-07
0.072 0.00993578 -0.127569 -3.87234e-06
0.074 -0.000713082 -0.127333 2.82373e-07
0.076 -0.00947835 -0.127111 3.69149e-06
0.078 0.00307177 -0.126945 -1.19001e-06
0.08 0.00912128 -0.126927 -3.55947e-06
0.082 -0.00474793 -0.127106 1.85873e-06
0.084 -0.0077931 -0.127367 3.0308e-06
0.086 0.00673011 -0.127579 -2.61351e-06
0.088 0.00663784 -0.127697 -2.59307e-06
0.09 -0.00787065 -0.127664 3.07602e-06
0.092 -0.00463381 -0.127451 1.80027e-06
0.094 0.0091694 -0.127178 -3.56572e-06
0.096 0.00295145 -0.126994 -1.15371e-06
0.098 -0.00950867 -0.126929 3.7109e-06
0.1 -0.000592707 -0.127008 2.29636e-07
0.102 0.00993438 -0.127249 -3.86864e-06
0.104 -0.00125847 -0.127522 4.91844e-07
0.106 -0.00935836 -0.127672 3.64771e-06
0.108 0.00359396 -0.127677 -1.39616e-06
0.11 0.00888769 -0.127542 -3.46626e-06
0.112 -0.00521912 -0.127284 2.04061e-06
0.114 -0.00745804 -0.127032 2.90144e-06
0.116 0.00712932 -0.12693 -2.76975e-06
0.118 0.00621626 -0.126983 -2.4287e-06
0.12 -0.00817849 -0.127156 3.19646e-06
0.122 -0.00414537 -0.127419 1.60887e-06
0.124 0.00937124 -0.127647 -3.64281e-06
0.126 0.0024196 -0.127703 -9.48595e-07
0.128 -0.00958867 -0.127592 3.74478e-06
0.13 -2.36953e-05 -0.127378 5.16504e-09
0.132 0.00990399 -0.127108 -3.85374e-06
0.134 -0.00181967 -0.126914 7.07309e-07
0.136 -0.00921765 -0.126925 3.59523e-06
0.138 0.00410842 -0.127102 -1.60005e-06
0.14 0.00862219 -0.127344 -3.35972e-06
0.142 -0.00568093 -0.127594 2.21764e-06
0.144 -0.00709842 -0.127742 2.76384e-06
0.146 0.00750922 -0.12768 -2.92004e-06
0.148 0.00576887 -0.127459 -2.25265e-06
0.15 -0.00846596 -0.127206 3.3072e-06
