0.1 -4.7938e-25 219654 2.98023e-07
0.2 1.43814e-24 439309 -5.96046e-08
0.3 1.75773e-24 658963 1.19209e-07
0.4 2.23711e-24 878618 4.76837e-07
0.5 -1.03866e-24 1.09827e+06 -2.38419e-07
0.6 3.83504e-24 1.31793e+06 7.15256e-07
0.7 -5.75257e-24 1.53758e+06 -2.38419e-07
0.8 1.83763e-23 1.75724e+06 -4.76837e-07
0.9 -3.96288e-23 1.97689e+06 1.90735e-06
1 -4.47422e-24 2.19654e+06 1.63756e-21
0.002 -1.18389e+06 2.19298e+06 4.66346e+09
0.004 -3.70172e+06 2.18805e+06 1.31698e+10
0.006 -2.98157e+06 2.19352e+06 1.06132e+10
0.008 -293336 2.19414e+06 1.57985e+09
0.01 -1.39562e+06 2.19853e+06 5.17085e+09
0.012 -3.4946e+06 2.20421e+06 1.23812e+10
0.014 -1.75561e+06 2.20342e+06 6.31526e+09
0.016 335989 2.19866e+06 -6.54511e+08
0.018 -1.69107e+06 2.19625e+06 6.02474e+09
0.02 -2.9641e+06 2.19349e+06 1.04618e+10
0.022 -498766 2.18856e+06 1.92379e+09
0.024 615483 2.18951e+06 -1.74638e+09
0.026 -1.91754e+06 2.19566e+06 6.68104e+09
0.028 -2.12627e+06 2.19827e+06 7.45875e+09
0.03 650612 2.20052e+06 -2.06326e+09
0.032 583919 2.20455e+06 -1.81782e+09
0.034 -1.94506e+06 2.2025e+06 6.69565e+09
0.036 -1.07899e+06 2.19622e+06 3.74011e+09
0.038 1.41227e+06 2.19169e+06 -4.67662e+09
0.04 96397.1 2.18974e+06 -2.78817e+08
0.042 -1.96319e+06 2.18636e+06 6.76292e+09
0.044 -147386 2.19088e+06 4.71538e+08
0.046 1.71058e+06 2.19863e+06 -5.69094e+09
0.048 -497881 2.20048e+06 1.61458e+09
0.05 -1.6545e+06 2.20229e+06 5.69737e+09
0.052 769303 2.20562e+06 -2.70009e+09
0.054 1.5514e+06 2.20182e+06 -5.16442e+09
0.056 -1.16793e+06 2.19312e+06 3.86856e+09
0.058 -1.23816e+06 2.19108e+06 4.27836e+09
0.06 1.37966e+06 2.1911e+06 -4.74895e+09
0.062 989743 2.18798e+06 -3.29108e+09
0.064 -1.63632e+06 2.19262e+06 5.49509e+09
0.066 -602107 2.20161e+06 2.07546e+09
0.068 1.74393e+06 2.20349e+06 -5.92908e+09
0.07 236209 2.20201e+06 -7.96835e+08
0.072 -1.79724e+06 2.20298e+06 6.10249e+09
0.074 144500 2.19898e+06 -5.17462e+08
0.076 1.78627e+06 2.19042e+06 -6.00925e+09
0.078 -561726 2.18803e+06 1.84824e+09
0.08 -1.62616e+06 2.19222e+06 5.57661e+09
0.082 868062 2.19188e+06 -3.01642e+09
0.084 1.48998e+06 2.19463e+06 -4.96793e+09
0.086 -1.24624e+06 2.20418e+06 4.13877e+09
0.088 -1.16236e+06 2.20553e+06 4.0233e+09
0.09 1.43962e+06 2.20038e+06 -4.96025e+09
0.092 907179 2.19955e+06 -2.99743e+09
0.094 -1.68853e+06 2.19669e+06 5.65307e+09
0.096 -494496 2.18844e+06 1.73638e+09
0.098 1.75511e+06 2.18693e+06 -5.99354e+09
0.1 146542 2.19335e+06 -4.64006e+08
0.102 -1.80905e+06 2.1958e+06 6.11224e+09
0.104 257006 2.19748e+06 -8.68276e+08
0.106 1.75281e+06 2.2049e+06 -5.92171e+09
0.108 -647012 2.20572e+06 2.16467e+09
0.11 -1.59282e+06 2.19878e+06 5.4392e+09
0.112 962771 2.19513e+06 -3.31675e+09
0.114 1.42215e+06 2.19395e+06 -4.75419e+09
0.116 -1.31543e+06 2.1881e+06 4.38436e+09
0.118 -1.08693e+06 2.18755e+06 3.76175e+09
0.12 1.4962e+06 2.19594e+06 -5.15131e+09
0.122 819503 2.19949e+06 -2.69581e+09
0.124 -1.72976e+06 2.20031e+06 5.78341e+09
0.126 -390921 2.20476e+06 1.39858e+09
0.128 1.76515e+06 2.20489e+06 -6.04476e+09
0.13 51425.9 2.19613e+06 -1.21829e+08
0.132 -1.81292e+06 2.19098e+06 6.10377e+09
0.134 369275 2.19146e+06 -1.22644e+09
0.136 1.71527e+06 2.18876e+06 -5.82155e+09
0.138 -733418 2.1892e+06 2.47826e+09
0.14 -1.55247e+06 2.19901e+06 5.28388e+09
0.142 1.05412e+06 2.20388e+06 -3.61088e+09
0.144 1.35039e+06 2.20182e+06 -4.52229e+09
0.146 -1.3824e+06 2.20362e+06 4.61763e+09
0.148 -1.00617e+06 2.20224e+06 3.48735e+09
0.15 1.54739e+06 2.19287e+06 -5.33007e+09
