0.1 -1.80556e-35 -4.7938e-25
0.2 5.41668e-35 1.43814e-24
0.3 6.62038e-35 1.75773e-24
0.4 8.42594e-35 2.23711e-24
0.5 -3.91205e-35 -1.03866e-24
0.6 1.44445e-34 3.83504e-24
0.7 -2.16667e-34 -5.75257e-24
0.8 6.92131e-34 1.83763e-23
0.9 -1.4926e-33 -3.96288e-23
1 -1.68519e-34 -4.47422e-24
0.002 -4.45907e-05 -1.18389e+06
0.004 -0.000139423 -3.70172e+06
0.006 -0.000112299 -2.98157e+06
0.008 -1.10483e-05 -293336
0.01 -5.25652e-05 -1.39562e+06
0.012 -0.000131622 -3.4946e+06
0.014 -6.61242e-05 -1.75561e+06
0.016 1.26548e-05 335989
0.018 -6.3693e-05 -1.69107e+06
0.02 -0.000111641 -2.9641e+06
0.022 -1.87857e-05 -498766
0.024 2.31818e-05 615483
0.026 -7.22229e-05 -1.91754e+06
0.028 -8.00847e-05 -2.12627e+06
0.03 2.45049e-05 650612
0.032 2.1993e-05 583919
0.034 -7.32596e-05 -1.94506e+06
0.036 -4.06397e-05 -1.07899e+06
0.038 5.31922e-05 1.41227e+06
0.04 3.63074e-06 96397.1
0.042 -7.39426e-05 -1.96319e+06
0.044 -5.55122e-06 -147386
0.046 6.44279e-05 1.71058e+06
0.048 -1.87524e-05 -497881
0.05 -6.23156e-05 -1.6545e+06
0.052 2.89754e-05 769303
0.054 5.84325e-05 1.5514e+06
0.056 -4.39895e-05 -1.16793e+06
0.058 -4.66347e-05 -1.23816e+06
0.06 5.19641e-05 1.37966e+06
0.062 3.72781e-05 989743
0.064 -6.16309e-05 -1.63632e+06
0.066 -2.2678e-05 -602107
0.068 6.56843e-05 1.74393e+06
0.07 8.8967e-06 236209
0.072 -6.7692e-05 -1.79724e+06
0.074 5.4425e-06 144500
0.076 6.72788e-05 1.78627e+06
0.078 -2.11571e-05 -561726
0.08 -6.12484e-05 -1.62616e+06
0.082 3.26951e-05 868062
0.084 5.61194e-05 1.48998e+06
0.086 -4.69391e-05 -1.24624e+06
0.088 -4.37797e-05 -1.16236e+06
0.09 5.42226e-05 1.43962e+06
0.092 3.41684e-05 907179
0.094 -6.35977e-05 -1.68853e+06
0.096 -1.86249e-05 -494496
0.098 6.61052e-05 1.75511e+06
0.1 5.51942e-06 146542
0.102 -6.81368e-05 -1.80905e+06
0.104 9.67997e-06 257006
0.106 6.60187e-05 1.75281e+06
0.108 -2.43693e-05 -647012
0.11 -5.99925e-05 -1.59282e+06
0.112 3.62622e-05 962771
0.114 5.35644e-05 1.42215e+06
0.116 -4.95448e-05 -1.31543e+06
0.118 -4.09387e-05 -1.08693e+06
0.12 5.63535e-05 1.4962e+06
0.122 3.08661e-05 819503
0.124 -6.51503e-05 -1.72976e+06
0.126 -1.47238e-05 -390921
0.128 6.64834e-05 1.76515e+06
0.13 1.93693e-06 51425.9
0.132 -6.82825e-05 -1.81292e+06
0.134 1.39085e-05 369275
0.136 6.46047e-05 1.71527e+06
0.138 -2.76238e-05 -733418
0.14 -5.84729e-05 -1.55247e+06
0.142 3.97027e-05 1.05412e+06
0.144 5.08617e-05 1.35039e+06
0.146 -5.20673e-05 -1.3824e+06
0.148 -3.78969e-05 -1.00617e+06
0.15 5.82815e-05 1.54739e+06
